
> serviconnect-backend@1.0.0 build
> tsc

src/routes/companyRoutes.ts(26,76): error TS2345: Argument of type '(((req: Request<ParamsDictionary, any, any, ParsedQs, Record<string, any>>, res: Response<any, Record<string, any>>, next: NextFunction) => void | Response<...>) | ((req: Request<...>, res: Response<...>, next: NextFunction) => Promise<...>))[]' is not assignable to parameter of type '(req: Request<ParamsDictionary, any, any, ParsedQs, Record<string, any>>, res: Response<any, Record<string, any>>, next: NextFunction) => Promise<...>'.
  Type '(((req: Request<ParamsDictionary, any, any, ParsedQs, Record<string, any>>, res: Response<any, Record<string, any>>, next: NextFunction) => void | Response<...>) | ((req: Request<...>, res: Response<...>, next: NextFunction) => Promise<...>))[]' provides no match for the signature '(req: Request<ParamsDictionary, any, any, ParsedQs, Record<string, any>>, res: Response<any, Record<string, any>>, next: NextFunction): Promise<...>'.
src/routes/companyRoutes.ts(28,78): error TS2345: Argument of type '(((req: Request<ParamsDictionary, any, any, ParsedQs, Record<string, any>>, res: Response<any, Record<string, any>>, next: NextFunction) => void | Response<...>) | ((req: Request<...>, res: Response<...>, next: NextFunction) => Promise<...>))[]' is not assignable to parameter of type '(req: Request<ParamsDictionary, any, any, ParsedQs, Record<string, any>>, res: Response<any, Record<string, any>>, next: NextFunction) => Promise<...>'.
  Type '(((req: Request<ParamsDictionary, any, any, ParsedQs, Record<string, any>>, res: Response<any, Record<string, any>>, next: NextFunction) => void | Response<...>) | ((req: Request<...>, res: Response<...>, next: NextFunction) => Promise<...>))[]' provides no match for the signature '(req: Request<ParamsDictionary, any, any, ParsedQs, Record<string, any>>, res: Response<any, Record<string, any>>, next: NextFunction): Promise<...>'.
src/routes/companyRoutes.ts(30,77): error TS2345: Argument of type '(((req: Request<ParamsDictionary, any, any, ParsedQs, Record<string, any>>, res: Response<any, Record<string, any>>, next: NextFunction) => void | Response<...>) | ((req: Request<...>, res: Response<...>, next: NextFunction) => Promise<...>))[]' is not assignable to parameter of type '(req: Request<ParamsDictionary, any, any, ParsedQs, Record<string, any>>, res: Response<any, Record<string, any>>, next: NextFunction) => Promise<...>'.
  Type '(((req: Request<ParamsDictionary, any, any, ParsedQs, Record<string, any>>, res: Response<any, Record<string, any>>, next: NextFunction) => void | Response<...>) | ((req: Request<...>, res: Response<...>, next: NextFunction) => Promise<...>))[]' provides no match for the signature '(req: Request<ParamsDictionary, any, any, ParsedQs, Record<string, any>>, res: Response<any, Record<string, any>>, next: NextFunction): Promise<...>'.
src/routes/professionalRoutes.ts(30,81): error TS2345: Argument of type '((req: Request<ParamsDictionary, any, any, ParsedQs, Record<string, any>>, res: Response<any, Record<string, any>>, next: NextFunction) => Promise<...>)[]' is not assignable to parameter of type '(req: Request<ParamsDictionary, any, any, ParsedQs, Record<string, any>>, res: Response<any, Record<string, any>>, next: NextFunction) => Promise<...>'.
  Type '((req: Request<ParamsDictionary, any, any, ParsedQs, Record<string, any>>, res: Response<any, Record<string, any>>, next: NextFunction) => Promise<...>)[]' provides no match for the signature '(req: Request<ParamsDictionary, any, any, ParsedQs, Record<string, any>>, res: Response<any, Record<string, any>>, next: NextFunction): Promise<...>'.
src/routes/professionalRoutes.ts(32,83): error TS2345: Argument of type '((req: Request<ParamsDictionary, any, any, ParsedQs, Record<string, any>>, res: Response<any, Record<string, any>>, next: NextFunction) => Promise<...>)[]' is not assignable to parameter of type '(req: Request<ParamsDictionary, any, any, ParsedQs, Record<string, any>>, res: Response<any, Record<string, any>>, next: NextFunction) => Promise<...>'.
  Type '((req: Request<ParamsDictionary, any, any, ParsedQs, Record<string, any>>, res: Response<any, Record<string, any>>, next: NextFunction) => Promise<...>)[]' provides no match for the signature '(req: Request<ParamsDictionary, any, any, ParsedQs, Record<string, any>>, res: Response<any, Record<string, any>>, next: NextFunction): Promise<...>'.
src/routes/professionalRoutes.ts(34,82): error TS2345: Argument of type '((req: Request<ParamsDictionary, any, any, ParsedQs, Record<string, any>>, res: Response<any, Record<string, any>>, next: NextFunction) => Promise<...>)[]' is not assignable to parameter of type '(req: Request<ParamsDictionary, any, any, ParsedQs, Record<string, any>>, res: Response<any, Record<string, any>>, next: NextFunction) => Promise<...>'.
  Type '((req: Request<ParamsDictionary, any, any, ParsedQs, Record<string, any>>, res: Response<any, Record<string, any>>, next: NextFunction) => Promise<...>)[]' provides no match for the signature '(req: Request<ParamsDictionary, any, any, ParsedQs, Record<string, any>>, res: Response<any, Record<string, any>>, next: NextFunction): Promise<...>'.
src/routes/serviceRoutes.ts(25,76): error TS2345: Argument of type '(((req: Request<ParamsDictionary, any, any, ParsedQs, Record<string, any>>, res: Response<any, Record<string, any>>, next: NextFunction) => void | Response<...>) | ((req: Request<...>, res: Response<...>, next: NextFunction) => Promise<...>))[]' is not assignable to parameter of type '(req: Request<ParamsDictionary, any, any, ParsedQs, Record<string, any>>, res: Response<any, Record<string, any>>, next: NextFunction) => Promise<...>'.
  Type '(((req: Request<ParamsDictionary, any, any, ParsedQs, Record<string, any>>, res: Response<any, Record<string, any>>, next: NextFunction) => void | Response<...>) | ((req: Request<...>, res: Response<...>, next: NextFunction) => Promise<...>))[]' provides no match for the signature '(req: Request<ParamsDictionary, any, any, ParsedQs, Record<string, any>>, res: Response<any, Record<string, any>>, next: NextFunction): Promise<...>'.
src/routes/serviceRoutes.ts(27,78): error TS2345: Argument of type '((req: Request<ParamsDictionary, any, any, ParsedQs, Record<string, any>>, res: Response<any, Record<string, any>>, next: NextFunction) => Promise<...>)[]' is not assignable to parameter of type '(req: Request<ParamsDictionary, any, any, ParsedQs, Record<string, any>>, res: Response<any, Record<string, any>>, next: NextFunction) => Promise<...>'.
  Type '((req: Request<ParamsDictionary, any, any, ParsedQs, Record<string, any>>, res: Response<any, Record<string, any>>, next: NextFunction) => Promise<...>)[]' provides no match for the signature '(req: Request<ParamsDictionary, any, any, ParsedQs, Record<string, any>>, res: Response<any, Record<string, any>>, next: NextFunction): Promise<...>'.
src/routes/serviceRoutes.ts(29,77): error TS2345: Argument of type '((req: Request<ParamsDictionary, any, any, ParsedQs, Record<string, any>>, res: Response<any, Record<string, any>>, next: NextFunction) => Promise<...>)[]' is not assignable to parameter of type '(req: Request<ParamsDictionary, any, any, ParsedQs, Record<string, any>>, res: Response<any, Record<string, any>>, next: NextFunction) => Promise<...>'.
  Type '((req: Request<ParamsDictionary, any, any, ParsedQs, Record<string, any>>, res: Response<any, Record<string, any>>, next: NextFunction) => Promise<...>)[]' provides no match for the signature '(req: Request<ParamsDictionary, any, any, ParsedQs, Record<string, any>>, res: Response<any, Record<string, any>>, next: NextFunction): Promise<...>'.
src/tests/activityFeedRoutes.integration.test.ts(2,21): error TS2307: Cannot find module '../src/app' or its corresponding type declarations.
src/tests/appointmentHelpers.unit.test.ts(2,5): error TS2459: Module '"../controllers/appointmentController"' declares 'parseDuration' locally, but it is not exported.
src/tests/appointmentHelpers.unit.test.ts(3,5): error TS2459: Module '"../controllers/appointmentController"' declares 'getWorkingHoursForDay' locally, but it is not exported.
src/tests/appointmentRoutes.integration.test.ts(2,21): error TS2307: Cannot find module '../src/app' or its corresponding type declarations.
src/tests/appointmentRoutes.integration.test.ts(6,31): error TS2307: Cannot find module '../src/utils/jwt' or its corresponding type declarations.
src/tests/appointmentRoutes.integration.test.ts(113,13): error TS2353: Object literal may only specify known properties, and 'userId' does not exist in type '(Without<ProfessionalCreateInput, ProfessionalUncheckedCreateInput> & ProfessionalUncheckedCreateInput) | (Without<...> & ProfessionalCreateInput)'.
src/tests/gamificationRoutes.integration.test.ts(85,13): error TS2353: Object literal may only specify known properties, and 'user' does not exist in type 'Without<ProfessionalCreateInput, ProfessionalUncheckedCreateInput> & ProfessionalUncheckedCreateInput'.
