
> serviconnect-backend@1.0.0 build
> tsc

src/controllers/appointmentController.ts(672,65): error TS2554: Expected 4 arguments, but got 1.
src/middlewares/authMiddleware.ts(31,5): error TS2741: Property 'role' is missing in type '{ id: string; }' but required in type 'AuthenticatedUser'.
src/routes/appointmentRoutes.ts(3,3): error TS2305: Module '"../controllers/appointmentController"' has no exported member 'getAllAppointments'.
src/routes/appointmentRoutes.ts(7,3): error TS2724: '"../controllers/appointmentController"' has no exported member named 'cancelAppointment'. Did you mean 'createAppointment'?
src/routes/appointmentRoutes.ts(8,3): error TS2724: '"../controllers/appointmentController"' has no exported member named 'deleteAppointment'. Did you mean 'createAppointment'?
src/routes/appointmentRoutes.ts(9,3): error TS2305: Module '"../controllers/appointmentController"' has no exported member 'getAppointmentAvailability'.
src/routes/appointmentRoutes.ts(157,61): error TS2769: No overload matches this call.
  The last overload gave the following error.
    Argument of type '(req: Request, res: Response, next: NextFunction) => Promise<Response | void>' is not assignable to parameter of type 'RequestHandlerParams<ParamsDictionary, any, any, ParsedQs, Record<string, any>>'.
      Type '(req: Request, res: Response, next: NextFunction) => Promise<Response | void>' is not assignable to type 'RequestHandler<ParamsDictionary, any, any, ParsedQs, Record<string, any>>'.
        Type 'Promise<void | Response<any, Record<string, any>>>' is not assignable to type 'void | Promise<void>'.
          Type 'Promise<void | Response<any, Record<string, any>>>' is not assignable to type 'Promise<void>'.
            Type 'void | Response<any, Record<string, any>>' is not assignable to type 'void'.
              Type 'Response<any, Record<string, any>>' is not assignable to type 'void'.
src/routes/appointmentRoutes.ts(200,63): error TS2769: No overload matches this call.
  The last overload gave the following error.
    Argument of type '(req: Request, res: Response, next: NextFunction) => Promise<Response | void>' is not assignable to parameter of type 'RequestHandlerParams<ParamsDictionary, any, any, ParsedQs, Record<string, any>>'.
      Type '(req: Request, res: Response, next: NextFunction) => Promise<Response | void>' is not assignable to type 'RequestHandler<ParamsDictionary, any, any, ParsedQs, Record<string, any>>'.
        Type 'Promise<void | Response<any, Record<string, any>>>' is not assignable to type 'void | Promise<void>'.
          Type 'Promise<void | Response<any, Record<string, any>>>' is not assignable to type 'Promise<void>'.
            Type 'void | Response<any, Record<string, any>>' is not assignable to type 'void'.
              Type 'Response<any, Record<string, any>>' is not assignable to type 'void'.
src/routes/appointmentRoutes.ts(244,74): error TS2769: No overload matches this call.
  The last overload gave the following error.
    Argument of type '(req: Request, res: Response, next: NextFunction) => Promise<Response | void>' is not assignable to parameter of type 'RequestHandlerParams<ParamsDictionary, any, any, ParsedQs, Record<string, any>>'.
      Type '(req: Request, res: Response, next: NextFunction) => Promise<Response | void>' is not assignable to type 'RequestHandler<ParamsDictionary, any, any, ParsedQs, Record<string, any>>'.
        Type 'Promise<void | Response<any, Record<string, any>>>' is not assignable to type 'void | Promise<void>'.
          Type 'Promise<void | Response<any, Record<string, any>>>' is not assignable to type 'Promise<void>'.
            Type 'void | Response<any, Record<string, any>>' is not assignable to type 'void'.
              Type 'Response<any, Record<string, any>>' is not assignable to type 'void'.
src/routes/companyRoutes.ts(51,17): error TS2769: No overload matches this call.
  The last overload gave the following error.
    Argument of type '(req: Request, res: Response, next: NextFunction) => Promise<Response | void>' is not assignable to parameter of type 'Application<Record<string, any>>'.
      Type '(req: Request<ParamsDictionary, any, any, ParsedQs, Record<string, any>>, res: Response<any, Record<string, any>>, next: NextFunction) => Promise<...>' is missing the following properties from type 'Application<Record<string, any>>': init, defaultConfiguration, engine, set, and 63 more.
src/routes/companyRoutes.ts(83,57): error TS2769: No overload matches this call.
  The last overload gave the following error.
    Argument of type '(req: Request, res: Response, next: NextFunction) => Promise<Response | void>' is not assignable to parameter of type 'RequestHandlerParams<ParamsDictionary, any, any, ParsedQs, Record<string, any>>'.
      Type '(req: Request, res: Response, next: NextFunction) => Promise<Response | void>' is not assignable to type 'RequestHandler<ParamsDictionary, any, any, ParsedQs, Record<string, any>>'.
        Type 'Promise<void | Response<any, Record<string, any>>>' is not assignable to type 'void | Promise<void>'.
          Type 'Promise<void | Response<any, Record<string, any>>>' is not assignable to type 'Promise<void>'.
            Type 'void | Response<any, Record<string, any>>' is not assignable to type 'void'.
              Type 'Response<any, Record<string, any>>' is not assignable to type 'void'.
src/routes/companyRoutes.ts(113,59): error TS2769: No overload matches this call.
  The last overload gave the following error.
    Argument of type '(((req: Request<ParamsDictionary, any, any, ParsedQs, Record<string, any>>, res: Response<any, Record<string, any>>, next: NextFunction) => void | Response<...>) | ((req: Request<...>, res: Response<...>, next: NextFunction) => Promise<...>))[]' is not assignable to parameter of type 'RequestHandlerParams<ParamsDictionary, any, any, ParsedQs, Record<string, any>>'.
      Type '(((req: Request<ParamsDictionary, any, any, ParsedQs, Record<string, any>>, res: Response<any, Record<string, any>>, next: NextFunction) => void | Response<...>) | ((req: Request<...>, res: Response<...>, next: NextFunction) => Promise<...>))[]' is not assignable to type '(ErrorRequestHandler<ParamsDictionary, any, any, ParsedQs, Record<string, any>> | RequestHandler<ParamsDictionary, any, any, ParsedQs, Record<...>>)[]'.
        Type '((req: Request<ParamsDictionary, any, any, ParsedQs, Record<string, any>>, res: Response<any, Record<string, any>>, next: NextFunction) => void | Response<...>) | ((req: Request<...>, res: Response<...>, next: NextFunction) => Promise<...>)' is not assignable to type 'ErrorRequestHandler<ParamsDictionary, any, any, ParsedQs, Record<string, any>> | RequestHandler<ParamsDictionary, any, any, ParsedQs, Record<...>>'.
          Type '(req: Request, res: Response, next: NextFunction) => Response | void' is not assignable to type 'ErrorRequestHandler<ParamsDictionary, any, any, ParsedQs, Record<string, any>> | RequestHandler<ParamsDictionary, any, any, ParsedQs, Record<...>>'.
            Type '(req: Request, res: Response, next: NextFunction) => Response | void' is not assignable to type 'ErrorRequestHandler<ParamsDictionary, any, any, ParsedQs, Record<string, any>>'.
              Types of parameters 'res' and 'req' are incompatible.
                Type 'Request<ParamsDictionary, any, any, ParsedQs, Record<string, any>>' is missing the following properties from type 'Response<any, Record<string, any>>': status, sendStatus, links, send, and 57 more.
src/routes/companyRoutes.ts(163,61): error TS2769: No overload matches this call.
  The last overload gave the following error.
    Argument of type '(((req: Request<ParamsDictionary, any, any, ParsedQs, Record<string, any>>, res: Response<any, Record<string, any>>, next: NextFunction) => void | Response<...>) | ((req: Request<...>, res: Response<...>, next: NextFunction) => Promise<...>))[]' is not assignable to parameter of type 'RequestHandlerParams<ParamsDictionary, any, any, ParsedQs, Record<string, any>>'.
      Type '(((req: Request<ParamsDictionary, any, any, ParsedQs, Record<string, any>>, res: Response<any, Record<string, any>>, next: NextFunction) => void | Response<...>) | ((req: Request<...>, res: Response<...>, next: NextFunction) => Promise<...>))[]' is not assignable to type '(ErrorRequestHandler<ParamsDictionary, any, any, ParsedQs, Record<string, any>> | RequestHandler<ParamsDictionary, any, any, ParsedQs, Record<...>>)[]'.
        Type '((req: Request<ParamsDictionary, any, any, ParsedQs, Record<string, any>>, res: Response<any, Record<string, any>>, next: NextFunction) => void | Response<...>) | ((req: Request<...>, res: Response<...>, next: NextFunction) => Promise<...>)' is not assignable to type 'ErrorRequestHandler<ParamsDictionary, any, any, ParsedQs, Record<string, any>> | RequestHandler<ParamsDictionary, any, any, ParsedQs, Record<...>>'.
          Type '(req: Request, res: Response, next: NextFunction) => Response | void' is not assignable to type 'ErrorRequestHandler<ParamsDictionary, any, any, ParsedQs, Record<string, any>> | RequestHandler<ParamsDictionary, any, any, ParsedQs, Record<...>>'.
            Type '(req: Request, res: Response, next: NextFunction) => Response | void' is not assignable to type 'ErrorRequestHandler<ParamsDictionary, any, any, ParsedQs, Record<string, any>>'.
              Types of parameters 'res' and 'req' are incompatible.
                Type 'Request<ParamsDictionary, any, any, ParsedQs, Record<string, any>>' is missing the following properties from type 'Response<any, Record<string, any>>': status, sendStatus, links, send, and 57 more.
src/routes/companyRoutes.ts(193,60): error TS2769: No overload matches this call.
  The last overload gave the following error.
    Argument of type '(((req: Request<ParamsDictionary, any, any, ParsedQs, Record<string, any>>, res: Response<any, Record<string, any>>, next: NextFunction) => void | Response<...>) | ((req: Request<...>, res: Response<...>, next: NextFunction) => Promise<...>))[]' is not assignable to parameter of type 'RequestHandlerParams<ParamsDictionary, any, any, ParsedQs, Record<string, any>>'.
      Type '(((req: Request<ParamsDictionary, any, any, ParsedQs, Record<string, any>>, res: Response<any, Record<string, any>>, next: NextFunction) => void | Response<...>) | ((req: Request<...>, res: Response<...>, next: NextFunction) => Promise<...>))[]' is not assignable to type '(ErrorRequestHandler<ParamsDictionary, any, any, ParsedQs, Record<string, any>> | RequestHandler<ParamsDictionary, any, any, ParsedQs, Record<...>>)[]'.
        Type '((req: Request<ParamsDictionary, any, any, ParsedQs, Record<string, any>>, res: Response<any, Record<string, any>>, next: NextFunction) => void | Response<...>) | ((req: Request<...>, res: Response<...>, next: NextFunction) => Promise<...>)' is not assignable to type 'ErrorRequestHandler<ParamsDictionary, any, any, ParsedQs, Record<string, any>> | RequestHandler<ParamsDictionary, any, any, ParsedQs, Record<...>>'.
          Type '(req: Request, res: Response, next: NextFunction) => Response | void' is not assignable to type 'ErrorRequestHandler<ParamsDictionary, any, any, ParsedQs, Record<string, any>> | RequestHandler<ParamsDictionary, any, any, ParsedQs, Record<...>>'.
            Type '(req: Request, res: Response, next: NextFunction) => Response | void' is not assignable to type 'ErrorRequestHandler<ParamsDictionary, any, any, ParsedQs, Record<string, any>>'.
              Types of parameters 'res' and 'req' are incompatible.
                Type 'Request<ParamsDictionary, any, any, ParsedQs, Record<string, any>>' is missing the following properties from type 'Response<any, Record<string, any>>': status, sendStatus, links, send, and 57 more.
src/routes/gamificationRoutes.ts(37,27): error TS2769: No overload matches this call.
  The last overload gave the following error.
    Argument of type '(req: Request, res: Response, next: NextFunction) => Promise<Response | void>' is not assignable to parameter of type 'Application<Record<string, any>>'.
      Type '(req: Request<ParamsDictionary, any, any, ParsedQs, Record<string, any>>, res: Response<any, Record<string, any>>, next: NextFunction) => Promise<...>' is missing the following properties from type 'Application<Record<string, any>>': init, defaultConfiguration, engine, set, and 63 more.
src/routes/gamificationRoutes.ts(78,32): error TS2769: No overload matches this call.
  The last overload gave the following error.
    Argument of type '(req: Request, res: Response, next: NextFunction) => Promise<Response | void>' is not assignable to parameter of type 'Application<Record<string, any>>'.
      Type '(req: Request<ParamsDictionary, any, any, ParsedQs, Record<string, any>>, res: Response<any, Record<string, any>>, next: NextFunction) => Promise<...>' is missing the following properties from type 'Application<Record<string, any>>': init, defaultConfiguration, engine, set, and 63 more.
src/routes/gamificationRoutes.ts(115,28): error TS2769: No overload matches this call.
  The last overload gave the following error.
    Argument of type '(req: Request, res: Response, next: NextFunction) => Promise<Response | void>' is not assignable to parameter of type 'Application<Record<string, any>>'.
      Type '(req: Request<ParamsDictionary, any, any, ParsedQs, Record<string, any>>, res: Response<any, Record<string, any>>, next: NextFunction) => Promise<...>' is missing the following properties from type 'Application<Record<string, any>>': init, defaultConfiguration, engine, set, and 63 more.
src/routes/professionalRoutes.ts(51,17): error TS2769: No overload matches this call.
  The last overload gave the following error.
    Argument of type '(req: Request, res: Response, next: NextFunction) => Promise<Response | void>' is not assignable to parameter of type 'Application<Record<string, any>>'.
      Type '(req: Request<ParamsDictionary, any, any, ParsedQs, Record<string, any>>, res: Response<any, Record<string, any>>, next: NextFunction) => Promise<...>' is missing the following properties from type 'Application<Record<string, any>>': init, defaultConfiguration, engine, set, and 63 more.
src/routes/professionalRoutes.ts(83,62): error TS2769: No overload matches this call.
  The last overload gave the following error.
    Argument of type '(req: Request, res: Response, next: NextFunction) => Promise<Response | void>' is not assignable to parameter of type 'RequestHandlerParams<ParamsDictionary, any, any, ParsedQs, Record<string, any>>'.
      Type '(req: Request, res: Response, next: NextFunction) => Promise<Response | void>' is not assignable to type 'RequestHandler<ParamsDictionary, any, any, ParsedQs, Record<string, any>>'.
        Type 'Promise<void | Response<any, Record<string, any>>>' is not assignable to type 'void | Promise<void>'.
          Type 'Promise<void | Response<any, Record<string, any>>>' is not assignable to type 'Promise<void>'.
            Type 'void | Response<any, Record<string, any>>' is not assignable to type 'void'.
              Type 'Response<any, Record<string, any>>' is not assignable to type 'void'.
src/routes/professionalRoutes.ts(122,64): error TS2769: No overload matches this call.
  The last overload gave the following error.
    Argument of type '((req: Request<ParamsDictionary, any, any, ParsedQs, Record<string, any>>, res: Response<any, Record<string, any>>, next: NextFunction) => Promise<...>)[]' is not assignable to parameter of type 'RequestHandlerParams<ParamsDictionary, any, any, ParsedQs, Record<string, any>>'.
      Type '((req: Request<ParamsDictionary, any, any, ParsedQs, Record<string, any>>, res: Response<any, Record<string, any>>, next: NextFunction) => Promise<...>)[]' is not assignable to type '(ErrorRequestHandler<ParamsDictionary, any, any, ParsedQs, Record<string, any>> | RequestHandler<ParamsDictionary, any, any, ParsedQs, Record<...>>)[]'.
        Type '(req: Request, res: Response, next: NextFunction) => Promise<Response | void>' is not assignable to type 'ErrorRequestHandler<ParamsDictionary, any, any, ParsedQs, Record<string, any>> | RequestHandler<ParamsDictionary, any, any, ParsedQs, Record<...>>'.
          Type '(req: Request, res: Response, next: NextFunction) => Promise<Response | void>' is not assignable to type 'ErrorRequestHandler<ParamsDictionary, any, any, ParsedQs, Record<string, any>>'.
            Types of parameters 'res' and 'req' are incompatible.
              Type 'Request<ParamsDictionary, any, any, ParsedQs, Record<string, any>>' is missing the following properties from type 'Response<any, Record<string, any>>': status, sendStatus, links, send, and 57 more.
src/routes/professionalRoutes.ts(167,66): error TS2769: No overload matches this call.
  The last overload gave the following error.
    Argument of type '((req: Request<ParamsDictionary, any, any, ParsedQs, Record<string, any>>, res: Response<any, Record<string, any>>, next: NextFunction) => Promise<...>)[]' is not assignable to parameter of type 'RequestHandlerParams<ParamsDictionary, any, any, ParsedQs, Record<string, any>>'.
      Type '((req: Request<ParamsDictionary, any, any, ParsedQs, Record<string, any>>, res: Response<any, Record<string, any>>, next: NextFunction) => Promise<...>)[]' is not assignable to type '(ErrorRequestHandler<ParamsDictionary, any, any, ParsedQs, Record<string, any>> | RequestHandler<ParamsDictionary, any, any, ParsedQs, Record<...>>)[]'.
        Type '(req: Request, res: Response, next: NextFunction) => Promise<Response | void>' is not assignable to type 'ErrorRequestHandler<ParamsDictionary, any, any, ParsedQs, Record<string, any>> | RequestHandler<ParamsDictionary, any, any, ParsedQs, Record<...>>'.
          Type '(req: Request, res: Response, next: NextFunction) => Promise<Response | void>' is not assignable to type 'ErrorRequestHandler<ParamsDictionary, any, any, ParsedQs, Record<string, any>>'.
            Types of parameters 'res' and 'req' are incompatible.
              Type 'Request<ParamsDictionary, any, any, ParsedQs, Record<string, any>>' is missing the following properties from type 'Response<any, Record<string, any>>': status, sendStatus, links, send, and 57 more.
src/routes/professionalRoutes.ts(197,65): error TS2769: No overload matches this call.
  The last overload gave the following error.
    Argument of type '((req: Request<ParamsDictionary, any, any, ParsedQs, Record<string, any>>, res: Response<any, Record<string, any>>, next: NextFunction) => Promise<...>)[]' is not assignable to parameter of type 'RequestHandlerParams<ParamsDictionary, any, any, ParsedQs, Record<string, any>>'.
      Type '((req: Request<ParamsDictionary, any, any, ParsedQs, Record<string, any>>, res: Response<any, Record<string, any>>, next: NextFunction) => Promise<...>)[]' is not assignable to type '(ErrorRequestHandler<ParamsDictionary, any, any, ParsedQs, Record<string, any>> | RequestHandler<ParamsDictionary, any, any, ParsedQs, Record<...>>)[]'.
        Type '(req: Request, res: Response, next: NextFunction) => Promise<Response | void>' is not assignable to type 'ErrorRequestHandler<ParamsDictionary, any, any, ParsedQs, Record<string, any>> | RequestHandler<ParamsDictionary, any, any, ParsedQs, Record<...>>'.
          Type '(req: Request, res: Response, next: NextFunction) => Promise<Response | void>' is not assignable to type 'ErrorRequestHandler<ParamsDictionary, any, any, ParsedQs, Record<string, any>>'.
            Types of parameters 'res' and 'req' are incompatible.
              Type 'Request<ParamsDictionary, any, any, ParsedQs, Record<string, any>>' is missing the following properties from type 'Response<any, Record<string, any>>': status, sendStatus, links, send, and 57 more.
src/routes/professionalRoutes.ts(242,100): error TS2769: No overload matches this call.
  The last overload gave the following error.
    Argument of type '(req: Request, res: Response, next: NextFunction) => Promise<Response | void>' is not assignable to parameter of type 'RequestHandlerParams<ParamsDictionary, any, any, ParsedQs, Record<string, any>>'.
      Type '(req: Request, res: Response, next: NextFunction) => Promise<Response | void>' is not assignable to type 'RequestHandler<ParamsDictionary, any, any, ParsedQs, Record<string, any>>'.
        Type 'Promise<void | Response<any, Record<string, any>>>' is not assignable to type 'void | Promise<void>'.
          Type 'Promise<void | Response<any, Record<string, any>>>' is not assignable to type 'Promise<void>'.
            Type 'void | Response<any, Record<string, any>>' is not assignable to type 'void'.
              Type 'Response<any, Record<string, any>>' is not assignable to type 'void'.
src/routes/professionalRoutes.ts(283,3): error TS2769: No overload matches this call.
  The last overload gave the following error.
    Argument of type '(req: Request, res: Response, next: NextFunction) => Promise<Response | void>' is not assignable to parameter of type 'RequestHandlerParams<ParamsDictionary, any, any, ParsedQs, Record<string, any>>'.
      Type '(req: Request, res: Response, next: NextFunction) => Promise<Response | void>' is not assignable to type 'RequestHandler<ParamsDictionary, any, any, ParsedQs, Record<string, any>>'.
        Type 'Promise<void | Response<any, Record<string, any>>>' is not assignable to type 'void | Promise<void>'.
          Type 'Promise<void | Response<any, Record<string, any>>>' is not assignable to type 'Promise<void>'.
            Type 'void | Response<any, Record<string, any>>' is not assignable to type 'void'.
              Type 'Response<any, Record<string, any>>' is not assignable to type 'void'.
src/routes/reviewRoutes.ts(63,61): error TS2769: No overload matches this call.
  The last overload gave the following error.
    Argument of type '(req: Request, res: Response, next: NextFunction) => Promise<Response | void>' is not assignable to parameter of type 'RequestHandlerParams<ParamsDictionary, any, any, ParsedQs, Record<string, any>>'.
      Type '(req: Request, res: Response, next: NextFunction) => Promise<Response | void>' is not assignable to type 'RequestHandler<ParamsDictionary, any, any, ParsedQs, Record<string, any>>'.
        Type 'Promise<void | Response<any, Record<string, any>>>' is not assignable to type 'void | Promise<void>'.
          Type 'Promise<void | Response<any, Record<string, any>>>' is not assignable to type 'Promise<void>'.
            Type 'void | Response<any, Record<string, any>>' is not assignable to type 'void'.
              Type 'Response<any, Record<string, any>>' is not assignable to type 'void'.
src/routes/reviewRoutes.ts(95,56): error TS2769: No overload matches this call.
  The last overload gave the following error.
    Argument of type '(req: Request, res: Response, next: NextFunction) => Promise<Response | void>' is not assignable to parameter of type 'RequestHandlerParams<ParamsDictionary, any, any, ParsedQs, Record<string, any>>'.
      Type '(req: Request, res: Response, next: NextFunction) => Promise<Response | void>' is not assignable to type 'RequestHandler<ParamsDictionary, any, any, ParsedQs, Record<string, any>>'.
        Type 'Promise<void | Response<any, Record<string, any>>>' is not assignable to type 'void | Promise<void>'.
          Type 'Promise<void | Response<any, Record<string, any>>>' is not assignable to type 'Promise<void>'.
            Type 'void | Response<any, Record<string, any>>' is not assignable to type 'void'.
              Type 'Response<any, Record<string, any>>' is not assignable to type 'void'.
src/routes/reviewRoutes.ts(136,74): error TS2769: No overload matches this call.
  The last overload gave the following error.
    Argument of type '(req: Request, res: Response, next: NextFunction) => Promise<Response | void>' is not assignable to parameter of type 'RequestHandlerParams<ParamsDictionary, any, any, ParsedQs, Record<string, any>>'.
      Type '(req: Request, res: Response, next: NextFunction) => Promise<Response | void>' is not assignable to type 'RequestHandler<ParamsDictionary, any, any, ParsedQs, Record<string, any>>'.
        Type 'Promise<void | Response<any, Record<string, any>>>' is not assignable to type 'void | Promise<void>'.
          Type 'Promise<void | Response<any, Record<string, any>>>' is not assignable to type 'Promise<void>'.
            Type 'void | Response<any, Record<string, any>>' is not assignable to type 'void'.
              Type 'Response<any, Record<string, any>>' is not assignable to type 'void'.
src/routes/reviewRoutes.ts(179,76): error TS2769: No overload matches this call.
  The last overload gave the following error.
    Argument of type '(req: Request, res: Response, next: NextFunction) => Promise<Response | void>' is not assignable to parameter of type 'RequestHandlerParams<ParamsDictionary, any, any, ParsedQs, Record<string, any>>'.
      Type '(req: Request, res: Response, next: NextFunction) => Promise<Response | void>' is not assignable to type 'RequestHandler<ParamsDictionary, any, any, ParsedQs, Record<string, any>>'.
        Type 'Promise<void | Response<any, Record<string, any>>>' is not assignable to type 'void | Promise<void>'.
          Type 'Promise<void | Response<any, Record<string, any>>>' is not assignable to type 'Promise<void>'.
            Type 'void | Response<any, Record<string, any>>' is not assignable to type 'void'.
              Type 'Response<any, Record<string, any>>' is not assignable to type 'void'.
src/routes/reviewRoutes.ts(209,75): error TS2769: No overload matches this call.
  The last overload gave the following error.
    Argument of type '(req: Request, res: Response, next: NextFunction) => Promise<Response | void>' is not assignable to parameter of type 'RequestHandlerParams<ParamsDictionary, any, any, ParsedQs, Record<string, any>>'.
      Type '(req: Request, res: Response, next: NextFunction) => Promise<Response | void>' is not assignable to type 'RequestHandler<ParamsDictionary, any, any, ParsedQs, Record<string, any>>'.
        Type 'Promise<void | Response<any, Record<string, any>>>' is not assignable to type 'void | Promise<void>'.
          Type 'Promise<void | Response<any, Record<string, any>>>' is not assignable to type 'Promise<void>'.
            Type 'void | Response<any, Record<string, any>>' is not assignable to type 'void'.
              Type 'Response<any, Record<string, any>>' is not assignable to type 'void'.
src/routes/serviceRoutes.ts(52,17): error TS2769: No overload matches this call.
  The last overload gave the following error.
    Argument of type '(req: Request, res: Response, next: NextFunction) => Promise<Response | void>' is not assignable to parameter of type 'Application<Record<string, any>>'.
      Type '(req: Request<ParamsDictionary, any, any, ParsedQs, Record<string, any>>, res: Response<any, Record<string, any>>, next: NextFunction) => Promise<...>' is missing the following properties from type 'Application<Record<string, any>>': init, defaultConfiguration, engine, set, and 63 more.
src/routes/serviceRoutes.ts(84,57): error TS2769: No overload matches this call.
  The last overload gave the following error.
    Argument of type '(req: Request, res: Response, next: NextFunction) => Promise<Response | void>' is not assignable to parameter of type 'RequestHandlerParams<ParamsDictionary, any, any, ParsedQs, Record<string, any>>'.
      Type '(req: Request, res: Response, next: NextFunction) => Promise<Response | void>' is not assignable to type 'RequestHandler<ParamsDictionary, any, any, ParsedQs, Record<string, any>>'.
        Type 'Promise<void | Response<any, Record<string, any>>>' is not assignable to type 'void | Promise<void>'.
          Type 'Promise<void | Response<any, Record<string, any>>>' is not assignable to type 'Promise<void>'.
            Type 'void | Response<any, Record<string, any>>' is not assignable to type 'void'.
              Type 'Response<any, Record<string, any>>' is not assignable to type 'void'.
src/routes/serviceRoutes.ts(132,59): error TS2769: No overload matches this call.
  The last overload gave the following error.
    Argument of type '((req: Request<ParamsDictionary, any, any, ParsedQs, Record<string, any>>, res: Response<any, Record<string, any>>, next: NextFunction) => void | Response<...>) | ((req: Request<...>, res: Response<...>, next: NextFunction) => Promise<...>)' is not assignable to parameter of type 'RequestHandlerParams<ParamsDictionary, any, any, ParsedQs, Record<string, any>>'.
      Type '(req: Request, res: Response, next: NextFunction) => Response | void' is not assignable to type 'RequestHandlerParams<ParamsDictionary, any, any, ParsedQs, Record<string, any>>'.
        Type '(req: Request, res: Response, next: NextFunction) => Response | void' is not assignable to type 'RequestHandler<ParamsDictionary, any, any, ParsedQs, Record<string, any>>'.
          Type 'void | Response<any, Record<string, any>>' is not assignable to type 'void | Promise<void>'.
            Type 'Response<any, Record<string, any>>' is not assignable to type 'void | Promise<void>'.
src/routes/serviceRoutes.ts(183,61): error TS2769: No overload matches this call.
  The last overload gave the following error.
    Argument of type '(req: Request, res: Response, next: NextFunction) => Promise<Response | void>' is not assignable to parameter of type 'RequestHandlerParams<ParamsDictionary, any, any, ParsedQs, Record<string, any>>'.
      Type '(req: Request, res: Response, next: NextFunction) => Promise<Response | void>' is not assignable to type 'RequestHandler<ParamsDictionary, any, any, ParsedQs, Record<string, any>>'.
        Type 'Promise<void | Response<any, Record<string, any>>>' is not assignable to type 'void | Promise<void>'.
          Type 'Promise<void | Response<any, Record<string, any>>>' is not assignable to type 'Promise<void>'.
            Type 'void | Response<any, Record<string, any>>' is not assignable to type 'void'.
              Type 'Response<any, Record<string, any>>' is not assignable to type 'void'.
src/routes/serviceRoutes.ts(223,60): error TS2769: No overload matches this call.
  The last overload gave the following error.
    Argument of type '(req: Request, res: Response, next: NextFunction) => Promise<Response | void>' is not assignable to parameter of type 'RequestHandlerParams<ParamsDictionary, any, any, ParsedQs, Record<string, any>>'.
      Type '(req: Request, res: Response, next: NextFunction) => Promise<Response | void>' is not assignable to type 'RequestHandler<ParamsDictionary, any, any, ParsedQs, Record<string, any>>'.
        Type 'Promise<void | Response<any, Record<string, any>>>' is not assignable to type 'void | Promise<void>'.
          Type 'Promise<void | Response<any, Record<string, any>>>' is not assignable to type 'Promise<void>'.
            Type 'void | Response<any, Record<string, any>>' is not assignable to type 'void'.
              Type 'Response<any, Record<string, any>>' is not assignable to type 'void'.
src/tests/activityFeedRoutes.integration.test.ts(2,21): error TS2307: Cannot find module '../src/app' or its corresponding type declarations.
src/tests/appointmentHelpers.unit.test.ts(2,5): error TS2459: Module '"../controllers/appointmentController"' declares 'parseDuration' locally, but it is not exported.
src/tests/appointmentHelpers.unit.test.ts(3,5): error TS2459: Module '"../controllers/appointmentController"' declares 'getWorkingHoursForDay' locally, but it is not exported.
src/tests/appointmentRoutes.integration.test.ts(2,21): error TS2307: Cannot find module '../src/app' or its corresponding type declarations.
src/tests/appointmentRoutes.integration.test.ts(6,31): error TS2307: Cannot find module '../src/utils/jwt' or its corresponding type declarations.
src/tests/appointmentRoutes.integration.test.ts(113,13): error TS2353: Object literal may only specify known properties, and 'userId' does not exist in type '(Without<ProfessionalCreateInput, ProfessionalUncheckedCreateInput> & ProfessionalUncheckedCreateInput) | (Without<...> & ProfessionalCreateInput)'.
src/tests/gamificationRoutes.integration.test.ts(85,13): error TS2353: Object literal may only specify known properties, and 'user' does not exist in type 'Without<ProfessionalCreateInput, ProfessionalUncheckedCreateInput> & ProfessionalUncheckedCreateInput'.
