
> serviconnect-backend@1.0.0 build
> tsc

src/routes/companyRoutes.ts(26,75): error TS2345: Argument of type '(((req: Request<ParamsDictionary, any, any, ParsedQs, Record<string, any>>, res: Response<any, Record<string, any>>, next: NextFunction) => void | Response<...>) | ((req: Request<...>, res: Response<...>, next: NextFunction) => Promise<...>))[]' is not assignable to parameter of type '(req: Request<ParamsDictionary, any, any, ParsedQs, Record<string, any>>, res: Response<any, Record<string, any>>, next: NextFunction) => Promise<...>'.
  Type '(((req: Request<ParamsDictionary, any, any, ParsedQs, Record<string, any>>, res: Response<any, Record<string, any>>, next: NextFunction) => void | Response<...>) | ((req: Request<...>, res: Response<...>, next: NextFunction) => Promise<...>))[]' provides no match for the signature '(req: Request<ParamsDictionary, any, any, ParsedQs, Record<string, any>>, res: Response<any, Record<string, any>>, next: NextFunction): Promise<...>'.
src/routes/companyRoutes.ts(28,77): error TS2345: Argument of type '(((req: Request<ParamsDictionary, any, any, ParsedQs, Record<string, any>>, res: Response<any, Record<string, any>>, next: NextFunction) => void | Response<...>) | ((req: Request<...>, res: Response<...>, next: NextFunction) => Promise<...>))[]' is not assignable to parameter of type '(req: Request<ParamsDictionary, any, any, ParsedQs, Record<string, any>>, res: Response<any, Record<string, any>>, next: NextFunction) => Promise<...>'.
  Type '(((req: Request<ParamsDictionary, any, any, ParsedQs, Record<string, any>>, res: Response<any, Record<string, any>>, next: NextFunction) => void | Response<...>) | ((req: Request<...>, res: Response<...>, next: NextFunction) => Promise<...>))[]' provides no match for the signature '(req: Request<ParamsDictionary, any, any, ParsedQs, Record<string, any>>, res: Response<any, Record<string, any>>, next: NextFunction): Promise<...>'.
src/routes/companyRoutes.ts(30,76): error TS2345: Argument of type '(((req: Request<ParamsDictionary, any, any, ParsedQs, Record<string, any>>, res: Response<any, Record<string, any>>, next: NextFunction) => void | Response<...>) | ((req: Request<...>, res: Response<...>, next: NextFunction) => Promise<...>))[]' is not assignable to parameter of type '(req: Request<ParamsDictionary, any, any, ParsedQs, Record<string, any>>, res: Response<any, Record<string, any>>, next: NextFunction) => Promise<...>'.
  Type '(((req: Request<ParamsDictionary, any, any, ParsedQs, Record<string, any>>, res: Response<any, Record<string, any>>, next: NextFunction) => void | Response<...>) | ((req: Request<...>, res: Response<...>, next: NextFunction) => Promise<...>))[]' provides no match for the signature '(req: Request<ParamsDictionary, any, any, ParsedQs, Record<string, any>>, res: Response<any, Record<string, any>>, next: NextFunction): Promise<...>'.
src/routes/professionalRoutes.ts(30,80): error TS2345: Argument of type '((req: Request<ParamsDictionary, any, any, ParsedQs, Record<string, any>>, res: Response<any, Record<string, any>>, next: NextFunction) => Promise<...>)[]' is not assignable to parameter of type '(req: Request<ParamsDictionary, any, any, ParsedQs, Record<string, any>>, res: Response<any, Record<string, any>>, next: NextFunction) => Promise<...>'.
  Type '((req: Request<ParamsDictionary, any, any, ParsedQs, Record<string, any>>, res: Response<any, Record<string, any>>, next: NextFunction) => Promise<...>)[]' provides no match for the signature '(req: Request<ParamsDictionary, any, any, ParsedQs, Record<string, any>>, res: Response<any, Record<string, any>>, next: NextFunction): Promise<...>'.
src/routes/professionalRoutes.ts(32,82): error TS2345: Argument of type '((req: Request<ParamsDictionary, any, any, ParsedQs, Record<string, any>>, res: Response<any, Record<string, any>>, next: NextFunction) => Promise<...>)[]' is not assignable to parameter of type '(req: Request<ParamsDictionary, any, any, ParsedQs, Record<string, any>>, res: Response<any, Record<string, any>>, next: NextFunction) => Promise<...>'.
  Type '((req: Request<ParamsDictionary, any, any, ParsedQs, Record<string, any>>, res: Response<any, Record<string, any>>, next: NextFunction) => Promise<...>)[]' provides no match for the signature '(req: Request<ParamsDictionary, any, any, ParsedQs, Record<string, any>>, res: Response<any, Record<string, any>>, next: NextFunction): Promise<...>'.
src/routes/professionalRoutes.ts(34,81): error TS2345: Argument of type '((req: Request<ParamsDictionary, any, any, ParsedQs, Record<string, any>>, res: Response<any, Record<string, any>>, next: NextFunction) => Promise<...>)[]' is not assignable to parameter of type '(req: Request<ParamsDictionary, any, any, ParsedQs, Record<string, any>>, res: Response<any, Record<string, any>>, next: NextFunction) => Promise<...>'.
  Type '((req: Request<ParamsDictionary, any, any, ParsedQs, Record<string, any>>, res: Response<any, Record<string, any>>, next: NextFunction) => Promise<...>)[]' provides no match for the signature '(req: Request<ParamsDictionary, any, any, ParsedQs, Record<string, any>>, res: Response<any, Record<string, any>>, next: NextFunction): Promise<...>'.
src/routes/reviewRoutes.ts(63,61): error TS2769: No overload matches this call.
  The last overload gave the following error.
    Argument of type '(req: Request, res: Response, next: NextFunction) => Promise<Response | void>' is not assignable to parameter of type 'RequestHandlerParams<ParamsDictionary, any, any, ParsedQs, Record<string, any>>'.
      Type '(req: Request, res: Response, next: NextFunction) => Promise<Response | void>' is not assignable to type 'RequestHandler<ParamsDictionary, any, any, ParsedQs, Record<string, any>>'.
        Type 'Promise<void | Response<any, Record<string, any>>>' is not assignable to type 'void | Promise<void>'.
          Type 'Promise<void | Response<any, Record<string, any>>>' is not assignable to type 'Promise<void>'.
            Type 'void | Response<any, Record<string, any>>' is not assignable to type 'void'.
              Type 'Response<any, Record<string, any>>' is not assignable to type 'void'.
src/routes/reviewRoutes.ts(95,56): error TS2769: No overload matches this call.
  The last overload gave the following error.
    Argument of type '(req: Request, res: Response, next: NextFunction) => Promise<Response | void>' is not assignable to parameter of type 'RequestHandlerParams<ParamsDictionary, any, any, ParsedQs, Record<string, any>>'.
      Type '(req: Request, res: Response, next: NextFunction) => Promise<Response | void>' is not assignable to type 'RequestHandler<ParamsDictionary, any, any, ParsedQs, Record<string, any>>'.
        Type 'Promise<void | Response<any, Record<string, any>>>' is not assignable to type 'void | Promise<void>'.
          Type 'Promise<void | Response<any, Record<string, any>>>' is not assignable to type 'Promise<void>'.
            Type 'void | Response<any, Record<string, any>>' is not assignable to type 'void'.
              Type 'Response<any, Record<string, any>>' is not assignable to type 'void'.
src/routes/reviewRoutes.ts(136,74): error TS2769: No overload matches this call.
  The last overload gave the following error.
    Argument of type '(req: Request, res: Response, next: NextFunction) => Promise<Response | void>' is not assignable to parameter of type 'RequestHandlerParams<ParamsDictionary, any, any, ParsedQs, Record<string, any>>'.
      Type '(req: Request, res: Response, next: NextFunction) => Promise<Response | void>' is not assignable to type 'RequestHandler<ParamsDictionary, any, any, ParsedQs, Record<string, any>>'.
        Type 'Promise<void | Response<any, Record<string, any>>>' is not assignable to type 'void | Promise<void>'.
          Type 'Promise<void | Response<any, Record<string, any>>>' is not assignable to type 'Promise<void>'.
            Type 'void | Response<any, Record<string, any>>' is not assignable to type 'void'.
              Type 'Response<any, Record<string, any>>' is not assignable to type 'void'.
src/routes/reviewRoutes.ts(179,76): error TS2769: No overload matches this call.
  The last overload gave the following error.
    Argument of type '(req: Request, res: Response, next: NextFunction) => Promise<Response | void>' is not assignable to parameter of type 'RequestHandlerParams<ParamsDictionary, any, any, ParsedQs, Record<string, any>>'.
      Type '(req: Request, res: Response, next: NextFunction) => Promise<Response | void>' is not assignable to type 'RequestHandler<ParamsDictionary, any, any, ParsedQs, Record<string, any>>'.
        Type 'Promise<void | Response<any, Record<string, any>>>' is not assignable to type 'void | Promise<void>'.
          Type 'Promise<void | Response<any, Record<string, any>>>' is not assignable to type 'Promise<void>'.
            Type 'void | Response<any, Record<string, any>>' is not assignable to type 'void'.
              Type 'Response<any, Record<string, any>>' is not assignable to type 'void'.
src/routes/reviewRoutes.ts(209,75): error TS2769: No overload matches this call.
  The last overload gave the following error.
    Argument of type '(req: Request, res: Response, next: NextFunction) => Promise<Response | void>' is not assignable to parameter of type 'RequestHandlerParams<ParamsDictionary, any, any, ParsedQs, Record<string, any>>'.
      Type '(req: Request, res: Response, next: NextFunction) => Promise<Response | void>' is not assignable to type 'RequestHandler<ParamsDictionary, any, any, ParsedQs, Record<string, any>>'.
        Type 'Promise<void | Response<any, Record<string, any>>>' is not assignable to type 'void | Promise<void>'.
          Type 'Promise<void | Response<any, Record<string, any>>>' is not assignable to type 'Promise<void>'.
            Type 'void | Response<any, Record<string, any>>' is not assignable to type 'void'.
              Type 'Response<any, Record<string, any>>' is not assignable to type 'void'.
src/routes/serviceRoutes.ts(52,17): error TS2769: No overload matches this call.
  The last overload gave the following error.
    Argument of type '(req: Request, res: Response, next: NextFunction) => Promise<Response | void>' is not assignable to parameter of type 'Application<Record<string, any>>'.
      Type '(req: Request<ParamsDictionary, any, any, ParsedQs, Record<string, any>>, res: Response<any, Record<string, any>>, next: NextFunction) => Promise<...>' is missing the following properties from type 'Application<Record<string, any>>': init, defaultConfiguration, engine, set, and 63 more.
src/routes/serviceRoutes.ts(84,57): error TS2769: No overload matches this call.
  The last overload gave the following error.
    Argument of type '(req: Request, res: Response, next: NextFunction) => Promise<Response | void>' is not assignable to parameter of type 'RequestHandlerParams<ParamsDictionary, any, any, ParsedQs, Record<string, any>>'.
      Type '(req: Request, res: Response, next: NextFunction) => Promise<Response | void>' is not assignable to type 'RequestHandler<ParamsDictionary, any, any, ParsedQs, Record<string, any>>'.
        Type 'Promise<void | Response<any, Record<string, any>>>' is not assignable to type 'void | Promise<void>'.
          Type 'Promise<void | Response<any, Record<string, any>>>' is not assignable to type 'Promise<void>'.
            Type 'void | Response<any, Record<string, any>>' is not assignable to type 'void'.
              Type 'Response<any, Record<string, any>>' is not assignable to type 'void'.
src/routes/serviceRoutes.ts(132,59): error TS2769: No overload matches this call.
  The last overload gave the following error.
    Argument of type '((req: Request<ParamsDictionary, any, any, ParsedQs, Record<string, any>>, res: Response<any, Record<string, any>>, next: NextFunction) => void | Response<...>) | ((req: Request<...>, res: Response<...>, next: NextFunction) => Promise<...>)' is not assignable to parameter of type 'RequestHandlerParams<ParamsDictionary, any, any, ParsedQs, Record<string, any>>'.
      Type '(req: Request, res: Response, next: NextFunction) => Response | void' is not assignable to type 'RequestHandlerParams<ParamsDictionary, any, any, ParsedQs, Record<string, any>>'.
        Type '(req: Request, res: Response, next: NextFunction) => Response | void' is not assignable to type 'RequestHandler<ParamsDictionary, any, any, ParsedQs, Record<string, any>>'.
          Type 'void | Response<any, Record<string, any>>' is not assignable to type 'void | Promise<void>'.
            Type 'Response<any, Record<string, any>>' is not assignable to type 'void | Promise<void>'.
src/routes/serviceRoutes.ts(183,61): error TS2769: No overload matches this call.
  The last overload gave the following error.
    Argument of type '(req: Request, res: Response, next: NextFunction) => Promise<Response | void>' is not assignable to parameter of type 'RequestHandlerParams<ParamsDictionary, any, any, ParsedQs, Record<string, any>>'.
      Type '(req: Request, res: Response, next: NextFunction) => Promise<Response | void>' is not assignable to type 'RequestHandler<ParamsDictionary, any, any, ParsedQs, Record<string, any>>'.
        Type 'Promise<void | Response<any, Record<string, any>>>' is not assignable to type 'void | Promise<void>'.
          Type 'Promise<void | Response<any, Record<string, any>>>' is not assignable to type 'Promise<void>'.
            Type 'void | Response<any, Record<string, any>>' is not assignable to type 'void'.
              Type 'Response<any, Record<string, any>>' is not assignable to type 'void'.
src/routes/serviceRoutes.ts(223,60): error TS2769: No overload matches this call.
  The last overload gave the following error.
    Argument of type '(req: Request, res: Response, next: NextFunction) => Promise<Response | void>' is not assignable to parameter of type 'RequestHandlerParams<ParamsDictionary, any, any, ParsedQs, Record<string, any>>'.
      Type '(req: Request, res: Response, next: NextFunction) => Promise<Response | void>' is not assignable to type 'RequestHandler<ParamsDictionary, any, any, ParsedQs, Record<string, any>>'.
        Type 'Promise<void | Response<any, Record<string, any>>>' is not assignable to type 'void | Promise<void>'.
          Type 'Promise<void | Response<any, Record<string, any>>>' is not assignable to type 'Promise<void>'.
            Type 'void | Response<any, Record<string, any>>' is not assignable to type 'void'.
              Type 'Response<any, Record<string, any>>' is not assignable to type 'void'.
src/tests/activityFeedRoutes.integration.test.ts(2,21): error TS2307: Cannot find module '../src/app' or its corresponding type declarations.
src/tests/appointmentHelpers.unit.test.ts(2,5): error TS2459: Module '"../controllers/appointmentController"' declares 'parseDuration' locally, but it is not exported.
src/tests/appointmentHelpers.unit.test.ts(3,5): error TS2459: Module '"../controllers/appointmentController"' declares 'getWorkingHoursForDay' locally, but it is not exported.
src/tests/appointmentRoutes.integration.test.ts(2,21): error TS2307: Cannot find module '../src/app' or its corresponding type declarations.
src/tests/appointmentRoutes.integration.test.ts(6,31): error TS2307: Cannot find module '../src/utils/jwt' or its corresponding type declarations.
src/tests/appointmentRoutes.integration.test.ts(113,13): error TS2353: Object literal may only specify known properties, and 'userId' does not exist in type '(Without<ProfessionalCreateInput, ProfessionalUncheckedCreateInput> & ProfessionalUncheckedCreateInput) | (Without<...> & ProfessionalCreateInput)'.
src/tests/gamificationRoutes.integration.test.ts(85,13): error TS2353: Object literal may only specify known properties, and 'user' does not exist in type 'Without<ProfessionalCreateInput, ProfessionalUncheckedCreateInput> & ProfessionalUncheckedCreateInput'.
