TN:
SF:src/controllers/authController.ts
FN:20,(anonymous_9)
FN:26,(anonymous_10)
FN:26,(anonymous_11)
FN:73,(anonymous_12)
FN:73,(anonymous_13)
FN:99,(anonymous_14)
FN:129,(anonymous_15)
FN:129,(anonymous_16)
FNF:8
FNH:6
FNDA:0,(anonymous_9)
FNDA:5,(anonymous_10)
FNDA:5,(anonymous_11)
FNDA:4,(anonymous_12)
FNDA:4,(anonymous_13)
FNDA:0,(anonymous_14)
FNDA:3,(anonymous_15)
FNDA:3,(anonymous_16)
DA:2,1
DA:3,1
DA:4,1
DA:6,1
DA:9,1
DA:10,1
DA:11,1
DA:12,1
DA:14,1
DA:15,0
DA:16,0
DA:20,1
DA:21,0
DA:22,0
DA:26,5
DA:27,5
DA:29,5
DA:30,5
DA:32,4
DA:33,1
DA:34,1
DA:35,1
DA:38,3
DA:40,2
DA:41,1
DA:42,1
DA:43,1
DA:47,1
DA:48,1
DA:51,1
DA:54,1
DA:58,1
DA:60,1
DA:68,2
DA:73,4
DA:74,4
DA:76,4
DA:77,4
DA:78,4
DA:79,1
DA:80,1
DA:81,1
DA:84,3
DA:85,3
DA:87,2
DA:93,2
DA:98,1
DA:99,0
DA:102,1
DA:105,1
DA:106,1
DA:109,1
DA:112,1
DA:116,1
DA:124,2
DA:129,3
DA:130,3
DA:132,3
DA:133,1
DA:134,1
DA:135,1
DA:138,2
DA:140,2
DA:145,1
DA:148,1
DA:150,1
DA:157,1
DA:158,1
DA:159,1
LF:69
LH:64
BRDA:11,0,0,1
BRDA:11,0,1,0
BRDA:12,1,0,1
BRDA:12,1,1,0
BRDA:14,2,0,0
BRDA:14,3,0,1
BRDA:14,3,1,1
BRDA:32,4,0,1
BRDA:40,5,0,1
BRDA:78,6,0,1
BRDA:132,7,0,1
BRF:11
BRH:8
end_of_record
TN:
SF:src/lib/prisma.ts
FN:7,(anonymous_0)
FNF:1
FNH:1
FNDA:1,(anonymous_0)
DA:1,1
DA:8,1
DA:9,1
DA:11,1
DA:15,1
LF:5
LH:5
BRDA:8,0,0,1
BRF:1
BRH:1
end_of_record
TN:
SF:src/repositories/userRepository.ts
FN:5,(anonymous_7)
FN:11,(anonymous_9)
FN:17,(anonymous_11)
FNF:3
FNH:0
FNDA:0,(anonymous_7)
FNDA:0,(anonymous_9)
FNDA:0,(anonymous_11)
DA:1,1
DA:4,1
DA:6,0
DA:12,0
DA:18,0
LF:5
LH:2
BRF:0
BRH:0
end_of_record
TN:
SF:src/services/gamificationService.ts
FN:5,(anonymous_7)
FN:69,(anonymous_8)
FN:109,(anonymous_10)
FN:139,(anonymous_12)
FN:149,(anonymous_14)
FN:208,(anonymous_15)
FN:212,(anonymous_17)
FN:212,(anonymous_18)
FN:246,(anonymous_19)
FNF:9
FNH:9
FNDA:2,(anonymous_7)
FNDA:4,(anonymous_8)
FNDA:3,(anonymous_10)
FNDA:4,(anonymous_12)
FNDA:1,(anonymous_14)
FNDA:7,(anonymous_15)
FNDA:5,(anonymous_17)
FNDA:5,(anonymous_18)
FNDA:2,(anonymous_19)
DA:1,2
DA:5,2
DA:6,2
DA:7,2
DA:8,2
DA:13,2
DA:29,2
DA:77,4
DA:79,4
DA:90,4
DA:98,4
DA:99,4
DA:111,3
DA:115,3
DA:116,0
DA:117,0
DA:121,3
DA:122,3
DA:128,3
DA:141,4
DA:142,4
DA:144,4
DA:147,4
DA:149,4
DA:151,4
DA:152,12
DA:153,1
DA:156,11
DA:159,11
DA:160,1
DA:164,11
DA:166,3
DA:167,2
DA:171,2
DA:172,1
DA:174,1
DA:176,1
DA:182,11
DA:183,0
DA:184,0
DA:187,0
DA:188,0
DA:193,11
DA:194,3
DA:196,3
DA:209,7
DA:211,7
DA:212,7
DA:213,5
DA:215,5
DA:216,5
DA:217,1
DA:218,1
DA:221,4
DA:222,4
DA:233,4
DA:236,1
DA:247,2
DA:248,2
DA:249,2
DA:250,10
DA:251,10
DA:267,9
DA:269,1
DA:272,2
DA:277,2
LF:66
LH:60
BRDA:5,0,0,2
BRDA:5,0,1,2
BRDA:115,1,0,0
BRDA:141,2,0,4
BRDA:141,2,1,0
BRDA:141,3,0,4
BRDA:141,3,1,4
BRDA:142,4,0,0
BRDA:152,5,0,1
BRDA:159,6,0,1
BRDA:159,7,0,11
BRDA:159,7,1,4
BRDA:164,8,0,3
BRDA:164,9,0,11
BRDA:164,9,1,10
BRDA:164,9,2,7
BRDA:166,10,0,2
BRDA:166,10,1,1
BRDA:166,11,0,3
BRDA:166,11,1,1
BRDA:171,12,0,1
BRDA:174,13,0,1
BRDA:182,14,0,0
BRDA:182,15,0,11
BRDA:182,15,1,8
BRDA:182,15,2,0
BRDA:187,16,0,0
BRDA:193,17,0,3
BRDA:209,18,0,7
BRDA:209,18,1,0
BRDA:209,19,0,7
BRDA:209,19,1,7
BRDA:216,20,0,1
BRDA:221,21,0,4
BRDA:227,22,0,2
BRDA:227,22,1,2
BRDA:227,23,0,4
BRDA:227,23,1,4
BRDA:228,24,0,2
BRDA:228,24,1,2
BRDA:228,25,0,4
BRDA:228,25,1,4
BRDA:233,26,0,4
BRDA:233,26,1,0
BRDA:233,27,0,4
BRDA:233,27,1,4
BRF:46
BRH:38
end_of_record
TN:
SF:src/utils/prismaClient.ts
FNF:0
FNH:0
DA:1,1
DA:4,1
LF:2
LH:2
BRF:0
BRH:0
end_of_record
