TN:
SF:src/index.ts
FN:27,(anonymous_10)
FN:47,(anonymous_11)
FNF:2
FNH:0
FNDA:0,(anonymous_10)
FNDA:0,(anonymous_11)
DA:1,1
DA:2,1
DA:4,1
DA:5,1
DA:6,1
DA:7,1
DA:8,1
DA:9,1
DA:10,1
DA:11,1
DA:12,1
DA:13,1
DA:15,1
DA:16,1
DA:19,1
DA:20,1
DA:21,1
DA:24,1
DA:27,1
DA:28,0
DA:32,1
DA:33,1
DA:34,1
DA:35,1
DA:36,1
DA:37,1
DA:43,1
DA:46,1
DA:47,0
DA:48,0
DA:49,0
LF:31
LH:27
BRDA:16,0,0,1
BRDA:16,0,1,0
BRDA:46,1,0,0
BRF:3
BRH:1
end_of_record
TN:
SF:src/swagger.ts
FN:206,(anonymous_1)
FNF:1
FNH:1
FNDA:1,(anonymous_1)
DA:1,1
DA:2,1
DA:5,1
DA:204,1
DA:206,1
DA:207,1
DA:208,1
LF:7
LH:7
BRF:0
BRH:0
end_of_record
TN:
SF:src/controllers/appointmentController.ts
FN:6,(anonymous_7)
FN:12,(anonymous_8)
FN:12,(anonymous_9)
FN:58,(anonymous_10)
FN:58,(anonymous_11)
FN:80,(anonymous_12)
FN:80,(anonymous_13)
FN:130,(anonymous_14)
FN:130,(anonymous_15)
FN:163,(anonymous_16)
FN:163,(anonymous_17)
FN:191,(anonymous_18)
FN:191,(anonymous_19)
FNF:13
FNH:2
FNDA:0,(anonymous_7)
FNDA:1,(anonymous_8)
FNDA:1,(anonymous_9)
FNDA:0,(anonymous_10)
FNDA:0,(anonymous_11)
FNDA:0,(anonymous_12)
FNDA:0,(anonymous_13)
FNDA:0,(anonymous_14)
FNDA:0,(anonymous_15)
FNDA:0,(anonymous_16)
FNDA:0,(anonymous_17)
FNDA:0,(anonymous_18)
FNDA:0,(anonymous_19)
DA:2,1
DA:3,1
DA:6,1
DA:7,0
DA:8,0
DA:12,1
DA:13,1
DA:16,1
DA:17,0
DA:18,0
DA:20,1
DA:21,0
DA:22,0
DA:25,1
DA:26,0
DA:29,0
DA:32,1
DA:36,1
DA:37,1
DA:38,1
DA:39,1
DA:43,1
DA:44,1
DA:45,1
DA:48,0
DA:50,0
DA:52,0
DA:53,0
DA:58,1
DA:59,0
DA:61,0
DA:62,0
DA:63,0
DA:66,0
DA:67,0
DA:68,0
DA:69,0
DA:70,0
DA:72,0
DA:74,0
DA:75,0
DA:80,1
DA:82,0
DA:85,0
DA:86,0
DA:89,0
DA:91,0
DA:92,0
DA:93,0
DA:96,0
DA:97,0
DA:98,0
DA:99,0
DA:100,0
DA:102,0
DA:103,0
DA:104,0
DA:105,0
DA:106,0
DA:109,0
DA:117,0
DA:118,0
DA:120,0
DA:121,0
DA:122,0
DA:123,0
DA:125,0
DA:130,1
DA:131,0
DA:132,0
DA:133,0
DA:134,0
DA:136,0
DA:138,0
DA:139,0
DA:142,0
DA:145,0
DA:146,0
DA:147,0
DA:148,0
DA:149,0
DA:151,0
DA:153,0
DA:154,0
DA:155,0
DA:156,0
DA:158,0
DA:163,1
DA:164,0
DA:165,0
DA:166,0
DA:167,0
DA:170,0
DA:171,0
DA:172,0
DA:173,0
DA:174,0
DA:176,0
DA:181,0
DA:182,0
DA:183,0
DA:184,0
DA:186,0
DA:191,1
DA:192,0
DA:193,0
DA:194,0
DA:195,0
DA:198,0
DA:199,0
DA:200,0
DA:201,0
DA:202,0
DA:205,0
DA:207,0
DA:208,0
DA:209,0
DA:210,0
DA:212,0
LF:119
LH:21
BRDA:16,0,0,0
BRDA:16,1,0,1
BRDA:16,1,1,0
BRDA:20,2,0,0
BRDA:20,3,0,1
BRDA:20,3,1,0
BRDA:25,4,0,0
BRDA:25,5,0,1
BRDA:25,5,1,0
BRDA:37,6,0,0
BRDA:38,7,0,0
BRDA:39,8,0,0
BRDA:43,9,0,1
BRDA:43,10,0,1
BRDA:43,10,1,1
BRDA:61,11,0,0
BRDA:68,12,0,0
BRDA:85,13,0,0
BRDA:85,14,0,0
BRDA:85,14,1,0
BRDA:85,14,2,0
BRDA:85,14,3,0
BRDA:91,15,0,0
BRDA:91,16,0,0
BRDA:91,16,1,0
BRDA:91,16,2,0
BRDA:98,17,0,0
BRDA:104,18,0,0
BRDA:121,19,0,0
BRDA:121,20,0,0
BRDA:121,20,1,0
BRDA:132,21,0,0
BRDA:138,22,0,0
BRDA:138,23,0,0
BRDA:138,23,1,0
BRDA:147,24,0,0
BRDA:154,25,0,0
BRDA:154,26,0,0
BRDA:154,26,1,0
BRDA:165,27,0,0
BRDA:172,28,0,0
BRDA:182,29,0,0
BRDA:182,30,0,0
BRDA:182,30,1,0
BRDA:193,31,0,0
BRDA:200,32,0,0
BRDA:208,33,0,0
BRDA:208,34,0,0
BRDA:208,34,1,0
BRF:49
BRH:6
end_of_record
TN:
SF:src/controllers/authController.ts
FN:19,(anonymous_9)
FN:25,(anonymous_10)
FN:25,(anonymous_11)
FN:72,(anonymous_12)
FN:72,(anonymous_13)
FN:121,(anonymous_14)
FN:121,(anonymous_15)
FNF:7
FNH:0
FNDA:0,(anonymous_9)
FNDA:0,(anonymous_10)
FNDA:0,(anonymous_11)
FNDA:0,(anonymous_12)
FNDA:0,(anonymous_13)
FNDA:0,(anonymous_14)
FNDA:0,(anonymous_15)
DA:2,1
DA:3,1
DA:4,1
DA:8,1
DA:9,1
DA:10,1
DA:11,1
DA:13,1
DA:14,0
DA:15,0
DA:19,1
DA:20,0
DA:21,0
DA:25,1
DA:26,0
DA:28,0
DA:29,0
DA:31,0
DA:32,0
DA:33,0
DA:34,0
DA:37,0
DA:39,0
DA:40,0
DA:41,0
DA:42,0
DA:46,0
DA:47,0
DA:50,0
DA:53,0
DA:57,0
DA:59,0
DA:67,0
DA:72,1
DA:73,0
DA:75,0
DA:76,0
DA:77,0
DA:78,0
DA:79,0
DA:80,0
DA:83,0
DA:84,0
DA:86,0
DA:92,0
DA:94,0
DA:97,0
DA:98,0
DA:101,0
DA:104,0
DA:108,0
DA:116,0
DA:121,1
DA:122,0
DA:124,0
DA:125,0
DA:126,0
DA:127,0
DA:130,0
DA:132,0
DA:137,0
DA:140,0
DA:142,0
DA:149,0
DA:150,0
DA:151,0
LF:66
LH:12
BRDA:10,0,0,1
BRDA:10,0,1,0
BRDA:11,1,0,1
BRDA:11,1,1,0
BRDA:13,2,0,0
BRDA:13,3,0,1
BRDA:13,3,1,1
BRDA:31,4,0,0
BRDA:39,5,0,0
BRDA:77,6,0,0
BRDA:124,7,0,0
BRF:11
BRH:4
end_of_record
TN:
SF:src/controllers/companyController.ts
FN:6,(anonymous_8)
FN:6,(anonymous_9)
FN:16,(anonymous_10)
FN:16,(anonymous_11)
FN:34,(anonymous_12)
FN:34,(anonymous_13)
FN:49,(anonymous_14)
FN:49,(anonymous_15)
FN:67,(anonymous_16)
FN:67,(anonymous_17)
FNF:10
FNH:0
FNDA:0,(anonymous_8)
FNDA:0,(anonymous_9)
FNDA:0,(anonymous_10)
FNDA:0,(anonymous_11)
FNDA:0,(anonymous_12)
FNDA:0,(anonymous_13)
FNDA:0,(anonymous_14)
FNDA:0,(anonymous_15)
FNDA:0,(anonymous_16)
FNDA:0,(anonymous_17)
DA:2,1
DA:6,1
DA:7,0
DA:8,0
DA:9,0
DA:11,0
DA:16,1
DA:17,0
DA:19,0
DA:20,0
DA:21,0
DA:23,0
DA:24,0
DA:25,0
DA:27,0
DA:29,0
DA:34,1
DA:36,0
DA:38,0
DA:40,0
DA:41,0
DA:44,0
DA:49,1
DA:50,0
DA:52,0
DA:54,0
DA:56,0
DA:59,0
DA:62,0
DA:67,1
DA:68,0
DA:71,0
DA:72,0
DA:75,0
DA:78,0
LF:35
LH:6
BRDA:21,0,0,0
BRF:1
BRH:0
end_of_record
TN:
SF:src/controllers/professionalController.ts
FN:6,(anonymous_8)
FN:12,(anonymous_9)
FN:12,(anonymous_10)
FN:30,(anonymous_11)
FN:30,(anonymous_12)
FN:51,(anonymous_13)
FN:51,(anonymous_14)
FN:102,(anonymous_15)
FN:102,(anonymous_16)
FN:139,(anonymous_17)
FN:139,(anonymous_18)
FN:165,(anonymous_19)
FN:165,(anonymous_20)
FN:171,(anonymous_21)
FN:171,(anonymous_22)
FNF:15
FNH:0
FNDA:0,(anonymous_8)
FNDA:0,(anonymous_9)
FNDA:0,(anonymous_10)
FNDA:0,(anonymous_11)
FNDA:0,(anonymous_12)
FNDA:0,(anonymous_13)
FNDA:0,(anonymous_14)
FNDA:0,(anonymous_15)
FNDA:0,(anonymous_16)
FNDA:0,(anonymous_17)
FNDA:0,(anonymous_18)
FNDA:0,(anonymous_19)
FNDA:0,(anonymous_20)
FNDA:0,(anonymous_21)
FNDA:0,(anonymous_22)
DA:2,1
DA:3,1
DA:6,1
DA:7,0
DA:8,0
DA:12,1
DA:13,0
DA:15,0
DA:16,0
DA:17,0
DA:19,0
DA:20,0
DA:21,0
DA:23,0
DA:25,0
DA:30,1
DA:31,0
DA:33,0
DA:34,0
DA:35,0
DA:37,0
DA:38,0
DA:39,0
DA:40,0
DA:41,0
DA:43,0
DA:45,0
DA:46,0
DA:51,1
DA:53,0
DA:56,0
DA:57,0
DA:58,0
DA:60,0
DA:61,0
DA:62,0
DA:64,0
DA:65,0
DA:66,0
DA:67,0
DA:69,0
DA:70,0
DA:71,0
DA:75,0
DA:76,0
DA:83,0
DA:84,0
DA:86,0
DA:87,0
DA:88,0
DA:89,0
DA:90,0
DA:92,0
DA:93,0
DA:94,0
DA:97,0
DA:102,1
DA:103,0
DA:104,0
DA:105,0
DA:106,0
DA:108,0
DA:110,0
DA:111,0
DA:112,0
DA:113,0
DA:115,0
DA:116,0
DA:117,0
DA:121,0
DA:122,0
DA:123,0
DA:124,0
DA:125,0
DA:127,0
DA:129,0
DA:130,0
DA:131,0
DA:132,0
DA:134,0
DA:139,1
DA:140,0
DA:141,0
DA:142,0
DA:143,0
DA:146,0
DA:147,0
DA:148,0
DA:149,0
DA:150,0
DA:153,0
DA:155,0
DA:156,0
DA:157,0
DA:158,0
DA:160,0
DA:165,1
DA:167,0
DA:171,1
DA:173,0
LF:100
LH:10
BRDA:15,0,0,0
BRDA:15,1,0,0
BRDA:15,1,1,0
BRDA:33,2,0,0
BRDA:39,3,0,0
BRDA:56,4,0,0
BRDA:56,5,0,0
BRDA:56,5,1,0
BRDA:56,5,2,0
BRDA:60,6,0,0
BRDA:64,7,0,0
BRDA:65,8,0,0
BRDA:69,9,0,0
BRDA:87,10,0,0
BRDA:88,11,0,0
BRDA:88,12,0,0
BRDA:88,12,1,0
BRDA:88,13,0,0
BRDA:88,13,1,0
BRDA:88,14,0,0
BRDA:88,14,1,0
BRDA:92,15,0,0
BRDA:104,16,0,0
BRDA:110,17,0,0
BRDA:111,18,0,0
BRDA:115,19,0,0
BRDA:123,20,0,0
BRDA:130,21,0,0
BRDA:130,22,0,0
BRDA:130,22,1,0
BRDA:141,23,0,0
BRDA:148,24,0,0
BRDA:156,25,0,0
BRDA:156,26,0,0
BRDA:156,26,1,0
BRF:35
BRH:0
end_of_record
TN:
SF:src/controllers/reviewController.ts
FN:6,(anonymous_8)
FN:12,(anonymous_9)
FN:12,(anonymous_10)
FN:54,(anonymous_11)
FN:54,(anonymous_12)
FN:75,(anonymous_13)
FN:75,(anonymous_14)
FN:119,(anonymous_15)
FN:119,(anonymous_16)
FN:155,(anonymous_17)
FN:155,(anonymous_18)
FNF:11
FNH:0
FNDA:0,(anonymous_8)
FNDA:0,(anonymous_9)
FNDA:0,(anonymous_10)
FNDA:0,(anonymous_11)
FNDA:0,(anonymous_12)
FNDA:0,(anonymous_13)
FNDA:0,(anonymous_14)
FNDA:0,(anonymous_15)
FNDA:0,(anonymous_16)
FNDA:0,(anonymous_17)
FNDA:0,(anonymous_18)
DA:2,1
DA:3,1
DA:6,1
DA:7,0
DA:8,0
DA:12,1
DA:13,0
DA:16,0
DA:17,0
DA:18,0
DA:20,0
DA:21,0
DA:22,0
DA:24,0
DA:25,0
DA:26,0
DA:29,0
DA:31,0
DA:32,0
DA:33,0
DA:34,0
DA:37,0
DA:38,0
DA:41,0
DA:44,0
DA:46,0
DA:48,0
DA:49,0
DA:54,1
DA:55,0
DA:56,0
DA:57,0
DA:58,0
DA:61,0
DA:62,0
DA:63,0
DA:64,0
DA:65,0
DA:67,0
DA:69,0
DA:70,0
DA:75,1
DA:76,0
DA:79,0
DA:80,0
DA:83,0
DA:85,0
DA:86,0
DA:87,0
DA:89,0
DA:90,0
DA:91,0
DA:92,0
DA:95,0
DA:96,0
DA:105,0
DA:107,0
DA:109,0
DA:110,0
DA:111,0
DA:112,0
DA:114,0
DA:119,1
DA:120,0
DA:121,0
DA:122,0
DA:123,0
DA:125,0
DA:127,0
DA:128,0
DA:129,0
DA:130,0
DA:131,0
DA:133,0
DA:136,0
DA:137,0
DA:138,0
DA:139,0
DA:140,0
DA:143,0
DA:145,0
DA:146,0
DA:147,0
DA:148,0
DA:150,0
DA:155,1
DA:156,0
DA:157,0
DA:158,0
DA:159,0
DA:162,0
DA:163,0
DA:164,0
DA:165,0
DA:166,0
DA:170,0
DA:172,0
DA:173,0
DA:174,0
DA:175,0
DA:177,0
LF:101
LH:8
BRDA:16,0,0,0
BRDA:16,1,0,0
BRDA:16,1,1,0
BRDA:20,2,0,0
BRDA:20,3,0,0
BRDA:20,3,1,0
BRDA:24,4,0,0
BRDA:24,5,0,0
BRDA:24,5,1,0
BRDA:32,6,0,0
BRDA:33,7,0,0
BRDA:34,8,0,0
BRDA:37,9,0,0
BRDA:37,10,0,0
BRDA:37,10,1,0
BRDA:37,10,2,0
BRDA:56,11,0,0
BRDA:63,12,0,0
BRDA:79,13,0,0
BRDA:79,14,0,0
BRDA:79,14,1,0
BRDA:79,14,2,0
BRDA:79,14,3,0
BRDA:79,14,4,0
BRDA:85,15,0,0
BRDA:85,16,0,0
BRDA:85,16,1,0
BRDA:85,16,2,0
BRDA:85,16,3,0
BRDA:85,16,4,0
BRDA:85,16,5,0
BRDA:85,16,6,0
BRDA:90,17,0,0
BRDA:90,18,0,0
BRDA:90,18,1,0
BRDA:90,18,2,0
BRDA:100,19,0,0
BRDA:100,19,1,0
BRDA:101,20,0,0
BRDA:101,20,1,0
BRDA:102,21,0,0
BRDA:102,21,1,0
BRDA:110,22,0,0
BRDA:110,23,0,0
BRDA:110,23,1,0
BRDA:121,24,0,0
BRDA:127,25,0,0
BRDA:129,26,0,0
BRDA:129,27,0,0
BRDA:129,27,1,0
BRDA:129,27,2,0
BRDA:138,28,0,0
BRDA:146,29,0,0
BRDA:146,30,0,0
BRDA:146,30,1,0
BRDA:157,31,0,0
BRDA:164,32,0,0
BRDA:173,33,0,0
BRDA:173,34,0,0
BRDA:173,34,1,0
BRF:60
BRH:0
end_of_record
TN:
SF:src/controllers/serviceController.ts
FN:6,(anonymous_8)
FN:6,(anonymous_9)
FN:18,(anonymous_10)
FN:18,(anonymous_11)
FN:36,(anonymous_12)
FN:36,(anonymous_13)
FN:62,(anonymous_14)
FN:62,(anonymous_15)
FN:81,(anonymous_16)
FN:81,(anonymous_17)
FNF:10
FNH:0
FNDA:0,(anonymous_8)
FNDA:0,(anonymous_9)
FNDA:0,(anonymous_10)
FNDA:0,(anonymous_11)
FNDA:0,(anonymous_12)
FNDA:0,(anonymous_13)
FNDA:0,(anonymous_14)
FNDA:0,(anonymous_15)
FNDA:0,(anonymous_16)
FNDA:0,(anonymous_17)
DA:2,1
DA:6,1
DA:7,0
DA:9,0
DA:10,0
DA:11,0
DA:13,0
DA:18,1
DA:19,0
DA:21,0
DA:22,0
DA:23,0
DA:25,0
DA:26,0
DA:27,0
DA:29,0
DA:31,0
DA:36,1
DA:38,0
DA:40,0
DA:43,0
DA:53,0
DA:54,0
DA:57,0
DA:62,1
DA:63,0
DA:66,0
DA:68,0
DA:70,0
DA:73,0
DA:76,0
DA:81,1
DA:82,0
DA:85,0
DA:86,0
DA:89,0
DA:92,0
LF:37
LH:6
BRDA:23,0,0,0
BRF:1
BRH:0
end_of_record
TN:
SF:src/lib/prisma.ts
FN:7,(anonymous_0)
FNF:1
FNH:1
FNDA:1,(anonymous_0)
DA:1,1
DA:8,1
DA:9,1
DA:11,1
DA:15,1
LF:5
LH:5
BRDA:8,0,0,1
BRF:1
BRH:1
end_of_record
TN:
SF:src/middlewares/authMiddleware.ts
FN:9,(anonymous_1)
FNF:1
FNH:1
FNDA:5,(anonymous_1)
DA:2,1
DA:9,1
DA:10,5
DA:12,5
DA:14,2
DA:15,2
DA:18,3
DA:19,3
DA:21,3
DA:22,0
DA:24,0
DA:25,0
DA:28,3
DA:29,3
DA:31,3
DA:32,3
DA:35,0
DA:36,0
DA:37,0
DA:38,0
DA:41,0
DA:42,0
DA:45,0
LF:23
LH:13
BRDA:12,0,0,2
BRDA:12,1,0,5
BRDA:12,1,1,3
BRDA:21,2,0,0
BRDA:35,3,0,0
BRDA:35,3,1,0
BRDA:37,4,0,0
BRDA:37,4,1,0
BRF:8
BRH:3
end_of_record
TN:
SF:src/middlewares/validationMiddleware.ts
FN:9,(anonymous_0)
FNF:1
FNH:1
FNDA:2,(anonymous_0)
DA:2,1
DA:9,1
DA:10,2
DA:11,2
DA:14,2
DA:15,2
DA:17,0
LF:7
LH:6
BRDA:11,0,0,2
BRF:1
BRH:1
end_of_record
TN:
SF:src/repositories/appointmentRepository.ts
FN:6,(anonymous_7)
FN:21,(anonymous_9)
FN:29,(anonymous_11)
FN:35,(anonymous_13)
FN:46,(anonymous_15)
FN:52,(anonymous_17)
FN:66,(anonymous_19)
FNF:7
FNH:0
FNDA:0,(anonymous_7)
FNDA:0,(anonymous_9)
FNDA:0,(anonymous_11)
FNDA:0,(anonymous_13)
FNDA:0,(anonymous_15)
FNDA:0,(anonymous_17)
FNDA:0,(anonymous_19)
DA:1,1
DA:2,1
DA:4,1
DA:7,0
DA:22,0
DA:30,0
DA:36,0
DA:47,0
DA:53,0
DA:54,0
DA:59,0
DA:60,0
DA:62,0
DA:67,0
DA:68,0
DA:72,0
DA:73,0
DA:75,0
LF:18
LH:3
BRDA:24,0,0,0
BRDA:24,0,1,0
BRDA:59,1,0,0
BRDA:59,2,0,0
BRDA:59,2,1,0
BRDA:72,3,0,0
BRDA:72,4,0,0
BRDA:72,4,1,0
BRF:8
BRH:0
end_of_record
TN:
SF:src/repositories/companyRepository.ts
FN:5,(anonymous_7)
FN:11,(anonymous_9)
FN:18,(anonymous_11)
FN:33,(anonymous_13)
FN:63,(anonymous_15)
FNF:5
FNH:0
FNDA:0,(anonymous_7)
FNDA:0,(anonymous_9)
FNDA:0,(anonymous_11)
FNDA:0,(anonymous_13)
FNDA:0,(anonymous_15)
DA:1,1
DA:2,1
DA:4,1
DA:6,0
DA:12,0
DA:19,0
DA:36,0
DA:37,0
DA:55,0
DA:57,0
DA:59,0
DA:65,0
DA:66,0
DA:70,0
DA:71,0
DA:73,0
LF:16
LH:3
BRDA:23,0,0,0
BRDA:23,0,1,0
BRDA:41,1,0,0
BRDA:41,1,1,0
BRDA:43,2,0,0
BRDA:43,2,1,0
BRDA:55,3,0,0
BRDA:55,4,0,0
BRDA:55,4,1,0
BRDA:70,5,0,0
BRDA:70,6,0,0
BRDA:70,6,1,0
BRF:12
BRH:0
end_of_record
TN:
SF:src/repositories/professionalRepository.ts
FN:5,(anonymous_7)
FN:12,(anonymous_9)
FN:19,(anonymous_11)
FN:21,(anonymous_13)
FN:21,(anonymous_14)
FN:27,(anonymous_15)
FN:45,(anonymous_16)
FN:48,(anonymous_18)
FN:48,(anonymous_19)
FN:64,(anonymous_20)
FN:90,(anonymous_21)
FN:93,(anonymous_23)
FN:93,(anonymous_24)
FNF:13
FNH:0
FNDA:0,(anonymous_7)
FNDA:0,(anonymous_9)
FNDA:0,(anonymous_11)
FNDA:0,(anonymous_13)
FNDA:0,(anonymous_14)
FNDA:0,(anonymous_15)
FNDA:0,(anonymous_16)
FNDA:0,(anonymous_18)
FNDA:0,(anonymous_19)
FNDA:0,(anonymous_20)
FNDA:0,(anonymous_21)
FNDA:0,(anonymous_23)
FNDA:0,(anonymous_24)
DA:1,1
DA:2,1
DA:4,1
DA:6,0
DA:13,0
DA:21,0
DA:22,0
DA:26,0
DA:27,0
DA:31,0
DA:38,0
DA:47,0
DA:48,0
DA:50,0
DA:56,0
DA:58,0
DA:63,0
DA:64,0
DA:68,0
DA:76,0
DA:82,0
DA:84,0
DA:86,0
DA:92,0
DA:93,0
DA:95,0
DA:108,0
DA:114,0
DA:117,0
DA:120,0
DA:122,0
DA:125,0
LF:32
LH:3
BRDA:7,0,0,0
BRDA:7,0,1,0
BRDA:26,1,0,0
BRDA:26,2,0,0
BRDA:26,2,1,0
BRDA:56,3,0,0
BRDA:63,4,0,0
BRDA:82,5,0,0
BRDA:82,6,0,0
BRDA:82,6,1,0
BRDA:120,7,0,0
BRDA:120,8,0,0
BRDA:120,8,1,0
BRF:13
BRH:0
end_of_record
TN:
SF:src/repositories/reviewRepository.ts
FN:5,updateAverageRating
FN:62,(anonymous_9)
FN:75,(anonymous_11)
FN:80,(anonymous_13)
FN:85,(anonymous_15)
FN:89,(anonymous_17)
FN:98,(anonymous_19)
FN:99,(anonymous_21)
FN:99,(anonymous_22)
FN:115,(anonymous_23)
FN:117,(anonymous_25)
FN:117,(anonymous_26)
FN:143,(anonymous_27)
FN:145,(anonymous_29)
FN:145,(anonymous_30)
FNF:15
FNH:0
FNDA:0,updateAverageRating
FNDA:0,(anonymous_9)
FNDA:0,(anonymous_11)
FNDA:0,(anonymous_13)
FNDA:0,(anonymous_15)
FNDA:0,(anonymous_17)
FNDA:0,(anonymous_19)
FNDA:0,(anonymous_21)
FNDA:0,(anonymous_22)
FNDA:0,(anonymous_23)
FNDA:0,(anonymous_25)
FNDA:0,(anonymous_26)
FNDA:0,(anonymous_27)
FNDA:0,(anonymous_29)
FNDA:0,(anonymous_30)
DA:1,1
DA:2,1
DA:10,0
DA:22,0
DA:23,0
DA:26,0
DA:27,0
DA:28,0
DA:35,0
DA:36,0
DA:43,0
DA:52,0
DA:55,0
DA:60,1
DA:63,0
DA:76,0
DA:81,0
DA:86,0
DA:90,0
DA:99,0
DA:100,0
DA:104,0
DA:105,0
DA:107,0
DA:108,0
DA:111,0
DA:116,0
DA:117,0
DA:118,0
DA:119,0
DA:121,0
DA:126,0
DA:127,0
DA:129,0
DA:130,0
DA:133,0
DA:136,0
DA:137,0
DA:139,0
DA:144,0
DA:145,0
DA:146,0
DA:147,0
DA:149,0
DA:153,0
DA:154,0
DA:156,0
DA:157,0
DA:160,0
DA:163,0
DA:164,0
DA:166,0
LF:52
LH:3
BRDA:22,0,0,0
BRDA:22,0,1,0
BRDA:22,1,0,0
BRDA:22,1,1,0
BRDA:27,2,0,0
BRDA:27,2,1,0
BRDA:35,3,0,0
BRDA:35,3,1,0
BRDA:43,4,0,0
BRDA:104,5,0,0
BRDA:104,5,1,0
BRDA:104,6,0,0
BRDA:104,6,1,0
BRDA:104,7,0,0
BRDA:104,7,1,0
BRDA:104,8,0,0
BRDA:104,8,1,0
BRDA:105,9,0,0
BRDA:105,9,1,0
BRDA:105,10,0,0
BRDA:105,10,1,0
BRDA:107,11,0,0
BRDA:119,12,0,0
BRDA:126,13,0,0
BRDA:126,13,1,0
BRDA:126,14,0,0
BRDA:126,14,1,0
BRDA:126,15,0,0
BRDA:126,15,1,0
BRDA:126,16,0,0
BRDA:126,16,1,0
BRDA:127,17,0,0
BRDA:127,17,1,0
BRDA:127,18,0,0
BRDA:127,18,1,0
BRDA:129,19,0,0
BRDA:136,20,0,0
BRDA:136,21,0,0
BRDA:136,21,1,0
BRDA:147,22,0,0
BRDA:153,23,0,0
BRDA:153,23,1,0
BRDA:153,24,0,0
BRDA:153,24,1,0
BRDA:153,25,0,0
BRDA:153,25,1,0
BRDA:153,26,0,0
BRDA:153,26,1,0
BRDA:154,27,0,0
BRDA:154,27,1,0
BRDA:154,28,0,0
BRDA:154,28,1,0
BRDA:156,29,0,0
BRDA:163,30,0,0
BRDA:163,31,0,0
BRDA:163,31,1,0
BRF:56
BRH:0
end_of_record
TN:
SF:src/repositories/serviceRepository.ts
FN:5,(anonymous_7)
FN:11,(anonymous_9)
FN:17,(anonymous_11)
FN:23,(anonymous_13)
FN:37,(anonymous_15)
FNF:5
FNH:0
FNDA:0,(anonymous_7)
FNDA:0,(anonymous_9)
FNDA:0,(anonymous_11)
FNDA:0,(anonymous_13)
FNDA:0,(anonymous_15)
DA:1,1
DA:2,1
DA:4,1
DA:6,0
DA:12,0
DA:18,0
DA:24,0
DA:25,0
DA:30,0
DA:31,0
DA:33,0
DA:38,0
DA:40,0
DA:41,0
DA:45,0
DA:46,0
DA:48,0
LF:17
LH:3
BRDA:7,0,0,0
BRDA:7,0,1,0
BRDA:30,1,0,0
BRDA:30,2,0,0
BRDA:30,2,1,0
BRDA:45,3,0,0
BRDA:45,4,0,0
BRDA:45,4,1,0
BRF:8
BRH:0
end_of_record
TN:
SF:src/repositories/userRepository.ts
FN:5,(anonymous_7)
FN:11,(anonymous_9)
FN:17,(anonymous_11)
FNF:3
FNH:0
FNDA:0,(anonymous_7)
FNDA:0,(anonymous_9)
FNDA:0,(anonymous_11)
DA:1,1
DA:4,1
DA:6,0
DA:12,0
DA:18,0
LF:5
LH:2
BRF:0
BRH:0
end_of_record
TN:
SF:src/routes/appointmentRoutes.ts
FNF:0
FNH:0
DA:1,1
DA:2,1
DA:10,1
DA:15,1
DA:16,1
DA:18,1
DA:21,1
DA:25,1
DA:28,1
DA:32,1
DA:35,1
DA:38,1
DA:43,1
LF:13
LH:13
BRF:0
BRH:0
end_of_record
TN:
SF:src/routes/authRoutes.ts
FNF:0
FNH:0
DA:1,1
DA:2,1
DA:3,1
DA:4,1
DA:6,1
DA:9,1
DA:12,1
DA:15,1
DA:17,1
LF:9
LH:9
BRF:0
BRH:0
end_of_record
TN:
SF:src/routes/companyRoutes.ts
FNF:0
FNH:0
DA:1,1
DA:2,1
DA:9,1
DA:14,1
DA:17,1
DA:20,1
DA:23,1
DA:26,1
DA:29,1
DA:32,1
DA:34,1
LF:11
LH:11
BRF:0
BRH:0
end_of_record
TN:
SF:src/routes/professionalRoutes.ts
FNF:0
FNH:0
DA:1,1
DA:2,1
DA:11,1
DA:17,1
DA:18,1
DA:21,1
DA:24,1
DA:27,1
DA:30,1
DA:33,1
DA:36,1
DA:39,1
DA:42,1
DA:49,1
LF:14
LH:14
BRF:0
BRH:0
end_of_record
TN:
SF:src/routes/reviewRoutes.ts
FNF:0
FNH:0
DA:1,1
DA:2,1
DA:9,1
DA:14,1
DA:17,1
DA:21,1
DA:24,1
DA:28,1
DA:31,1
DA:34,1
DA:36,1
LF:11
LH:11
BRF:0
BRH:0
end_of_record
TN:
SF:src/routes/serviceRoutes.ts
FNF:0
FNH:0
DA:1,1
DA:2,1
DA:9,1
DA:14,1
DA:17,1
DA:20,1
DA:23,1
DA:26,1
DA:29,1
DA:32,1
DA:34,1
LF:11
LH:11
BRF:0
BRH:0
end_of_record
TN:
SF:src/validators/appointmentValidators.ts
FN:7,(anonymous_0)
FN:26,(anonymous_1)
FNF:2
FNH:1
FNDA:2,(anonymous_0)
FNDA:0,(anonymous_1)
DA:1,1
DA:3,1
DA:8,2
DA:9,1
DA:11,1
DA:20,1
DA:27,0
DA:28,0
DA:30,0
DA:40,1
LF:10
LH:7
BRDA:8,0,0,1
BRDA:27,1,0,0
BRF:2
BRH:1
end_of_record
TN:
SF:src/validators/authValidators.ts
FNF:0
FNH:0
DA:1,1
DA:3,1
DA:21,1
LF:3
LH:3
BRF:0
BRH:0
end_of_record
TN:
SF:src/validators/companyValidators.ts
FNF:0
FNH:0
DA:1,1
DA:4,1
DA:16,1
DA:21,1
DA:35,1
DA:58,1
LF:6
LH:6
BRF:0
BRH:0
end_of_record
TN:
SF:src/validators/professionalValidators.ts
FNF:0
FNH:0
DA:1,1
DA:3,1
DA:11,1
DA:19,1
DA:24,1
LF:5
LH:5
BRF:0
BRH:0
end_of_record
TN:
SF:src/validators/reviewValidators.ts
FN:9,(anonymous_0)
FNF:1
FNH:0
FNDA:0,(anonymous_0)
DA:1,1
DA:3,1
DA:10,0
DA:11,0
DA:13,0
DA:20,1
DA:29,1
LF:7
LH:4
BRDA:10,0,0,0
BRDA:10,1,0,0
BRDA:10,1,1,0
BRDA:10,1,2,0
BRF:4
BRH:0
end_of_record
TN:
SF:src/validators/serviceValidators.ts
FNF:0
FNH:0
DA:1,1
DA:3,1
DA:13,1
DA:25,1
LF:4
LH:4
BRF:0
BRH:0
end_of_record
